d:\mgr\armstrong new cheat\src\release\uicolorchanger.obj
d:\mgr\armstrong new cheat\src\release\pch.obj
d:\mgr\armstrong new cheat\src\release\noclip.obj
d:\mgr\armstrong new cheat\src\release\missionchanger.obj
d:\mgr\armstrong new cheat\src\release\keybind.obj
d:\mgr\armstrong new cheat\src\release\win32_impl.obj
d:\mgr\armstrong new cheat\src\release\imgui_widgets.obj
d:\mgr\armstrong new cheat\src\release\imgui_impl_win32.obj
d:\mgr\armstrong new cheat\src\release\imgui_impl_dx9.obj
d:\mgr\armstrong new cheat\src\release\imgui_draw.obj
d:\mgr\armstrong new cheat\src\release\imgui_demo.obj
d:\mgr\armstrong new cheat\src\release\imgui.obj
d:\mgr\armstrong new cheat\src\release\hotkey.obj
d:\mgr\armstrong new cheat\src\release\gui.obj
d:\mgr\armstrong new cheat\src\release\entityspawner.obj
d:\mgr\armstrong new cheat\src\release\dllmain.obj
d:\mgr\armstrong new cheat\src\release\cheat.obj
d:\mgr\armstrong new cheat\src\release\vc143.pdb
d:\mgr\armstrong new cheat\src\release\trampoline.obj
d:\mgr\armstrong new cheat\src\release\hook.obj
d:\mgr\armstrong new cheat\src\release\hde64.obj
d:\mgr\armstrong new cheat\src\release\hde32.obj
d:\mgr\armstrong new cheat\src\release\buffer.obj
d:\mgr\armstrong new cheat\release\playablearmstrong.asi
d:\mgr\armstrong new cheat\release\playablearmstrong.pdb
d:\mgr\armstrong new cheat\src\release\playable.0e8ddd20.tlog\cl.command.1.tlog
d:\mgr\armstrong new cheat\src\release\playable.0e8ddd20.tlog\cl.items.tlog
d:\mgr\armstrong new cheat\src\release\playable.0e8ddd20.tlog\cl.read.1.tlog
d:\mgr\armstrong new cheat\src\release\playable.0e8ddd20.tlog\cl.write.1.tlog
d:\mgr\armstrong new cheat\src\release\playable.0e8ddd20.tlog\link.command.1.tlog
d:\mgr\armstrong new cheat\src\release\playable.0e8ddd20.tlog\link.read.1.tlog
d:\mgr\armstrong new cheat\src\release\playable.0e8ddd20.tlog\link.write.1.tlog
